Using pre-set license

 COMMAND LINE ARGUMENTS:
/Applications/Unity/Hub/Editor/2020.3.6f1/Unity.app/Contents/MacOS/Unity
-adb2
-batchMode
-noUpm
-name
AssetImportWorker1
-projectPath
/Users/odysseyfoundation1/Desktop/Create with Code/TheEEGameRepo/EarthExpGame
-logFile
Logs/AssetImportWorker1.log
-srvPort
49554
Successfully changed project path to: /Users/odysseyfoundation1/Desktop/Create with Code/TheEEGameRepo/EarthExpGame
/Users/odysseyfoundation1/Desktop/Create with Code/TheEEGameRepo/EarthExpGame
Using Asset Import Pipeline V2.
Refreshing native plugins compatible for Editor in 146.30 ms, found 1 plugins.
Preloading 0 native plugins for Editor in 0.00 ms.
Initialize engine version: 2020.3.6f1 (338bb68529b2)
[Subsystems] Discovering subsystems at path /Applications/Unity/Hub/Editor/2020.3.6f1/Unity.app/Contents/Resources/UnitySubsystems
[Subsystems] Discovering subsystems at path /Users/odysseyfoundation1/Desktop/Create with Code/TheEEGameRepo/EarthExpGame/Assets
GfxDevice: creating device client; threaded=0
2022-04-21 23:32:40.469 Unity[63960:1119071] Color LCD preferred device: Intel(R) Iris(TM) Graphics 6000 (low power)
2022-04-21 23:32:40.469 Unity[63960:1119071] Metal devices available: 1
2022-04-21 23:32:40.469 Unity[63960:1119071] 0: Intel(R) Iris(TM) Graphics 6000 (low power)
2022-04-21 23:32:40.470 Unity[63960:1119071] Using device Intel(R) Iris(TM) Graphics 6000 (low power)
Initializing Metal device caps: Intel(R) Iris(TM) Graphics 6000
Initialize mono
Mono path[0] = '/Applications/Unity/Hub/Editor/2020.3.6f1/Unity.app/Contents/Managed'
Mono path[1] = '/Applications/Unity/Hub/Editor/2020.3.6f1/Unity.app/Contents/MonoBleedingEdge/lib/mono/unityjit'
Mono config path = '/Applications/Unity/Hub/Editor/2020.3.6f1/Unity.app/Contents/MonoBleedingEdge/etc'
Using monoOptions --debugger-agent=transport=dt_socket,embedding=1,server=y,suspend=n,address=127.0.0.1:56960
Begin MonoManager ReloadAssembly
Registering precompiled unity dll's ...
Register platform support module: /Applications/Unity/Hub/Editor/2020.3.6f1/Unity.app/Contents/PlaybackEngines/MacStandaloneSupport/UnityEditor.OSXStandalone.Extensions.dll
Registered in 0.000447 seconds.
Native extension for OSXStandalone target not found
Refreshing native plugins compatible for Editor in 83.15 ms, found 1 plugins.
Preloading 0 native plugins for Editor in 0.00 ms.
Mono: successfully reloaded assembly
- Completed reload, in  4.193 seconds
Platform modules already initialized, skipping
Registering precompiled user dll's ...
Registered in 0.000691 seconds.
Begin MonoManager ReloadAssembly
Native extension for OSXStandalone target not found
Refreshing native plugins compatible for Editor in 0.74 ms, found 1 plugins.
Preloading 0 native plugins for Editor in 0.00 ms.
Mono: successfully reloaded assembly
- Completed reload, in  1.364 seconds
Platform modules already initialized, skipping
========================================================================
Worker process is ready to serve import requests
Launching external process: /Applications/Unity/Hub/Editor/2020.3.6f1/Unity.app/Contents/Tools/UnityShaderCompiler
Launched and connected shader compiler UnityShaderCompiler after 0.84 seconds
Refreshing native plugins compatible for Editor in 2.88 ms, found 1 plugins.
Preloading 0 native plugins for Editor in 0.00 ms.
Unloading 1632 Unused Serialized files (Serialized files now loaded: 0)
System memory in use before: 169.0 MB.
System memory in use after: 169.1 MB.

Unloading 37 unused Assets to reduce memory usage. Loaded Objects now: 2073.
Total: 9.835725 ms (FindLiveObjects: 0.807765 ms CreateObjectMapping: 0.297261 ms MarkObjects: 8.607731 ms  DeleteObjects: 0.119531 ms)

========================================================================
Received Import Request.
  path: Assets/Scripts/CheckPlacement1.cs
  artifactKey: Guid(9c32ae54a549549a68fcdb5331b3c6a1) Importer(815301076,1909f56bfc062723c751e8b465ee728b)
Start importing Assets/Scripts/CheckPlacement1.cs using Guid(9c32ae54a549549a68fcdb5331b3c6a1) Importer(815301076,1909f56bfc062723c751e8b465ee728b)  -> (artifact id: '72682119e62b501c651775af9928fffa') in 0.587123 seconds
  Import took 0.592161 seconds .

========================================================================
Received Prepare
Registering precompiled user dll's ...
Registered in 0.000770 seconds.
Begin MonoManager ReloadAssembly
Native extension for OSXStandalone target not found
Refreshing native plugins compatible for Editor in 0.91 ms, found 1 plugins.
Preloading 0 native plugins for Editor in 0.00 ms.
Mono: successfully reloaded assembly
- Completed reload, in  1.944 seconds
Platform modules already initialized, skipping
Switching build target platform(2) subTarget(0) extendedPlatform(0) -> platform(13) subTarget(537395200) extendedPlatform(0)
Refreshing native plugins compatible for Editor in 1.29 ms, found 1 plugins.
Preloading 0 native plugins for Editor in 0.00 ms.
Unloading 1608 Unused Serialized files (Serialized files now loaded: 0)
System memory in use before: 167.3 MB.
System memory in use after: 167.4 MB.

Unloading 29 unused Assets to reduce memory usage. Loaded Objects now: 2074.
Total: 10.448769 ms (FindLiveObjects: 0.294465 ms CreateObjectMapping: 0.055063 ms MarkObjects: 10.045161 ms  DeleteObjects: 0.051743 ms)

AssetImportParameters requested are different than current active one (requested -> active):
  custom:graphics/normal-map-encoding: 01000000000000000000000000000000 -> 02000000000000000000000000000000
========================================================================
Received Prepare
Registering precompiled user dll's ...
Registered in 0.000809 seconds.
Begin MonoManager ReloadAssembly
Native extension for OSXStandalone target not found
Refreshing native plugins compatible for Editor in 0.98 ms, found 1 plugins.
Preloading 0 native plugins for Editor in 0.00 ms.
Mono: successfully reloaded assembly
- Completed reload, in  2.575 seconds
Platform modules already initialized, skipping
Switching build target platform(2) subTarget(0) extendedPlatform(0) -> platform(13) subTarget(537395200) extendedPlatform(0)
Refreshing native plugins compatible for Editor in 0.69 ms, found 1 plugins.
Preloading 0 native plugins for Editor in 0.00 ms.
Unloading 1608 Unused Serialized files (Serialized files now loaded: 0)
System memory in use before: 167.6 MB.
System memory in use after: 167.7 MB.

Unloading 28 unused Assets to reduce memory usage. Loaded Objects now: 2076.
Total: 7.074876 ms (FindLiveObjects: 0.709723 ms CreateObjectMapping: 0.188977 ms MarkObjects: 6.142671 ms  DeleteObjects: 0.031025 ms)

AssetImportParameters requested are different than current active one (requested -> active):
  custom:graphics/normal-map-encoding: 01000000000000000000000000000000 -> 02000000000000000000000000000000
========================================================================
Received Import Request.
  Time since last request: 454.458194 seconds.
  path: Assets/Prefabs 1/house_1_1.prefab
  artifactKey: Guid(d6570dec5b1714f6492cf4d4620e4563) Importer(815301076,1909f56bfc062723c751e8b465ee728b)
Start importing Assets/Prefabs 1/house_1_1.prefab using Guid(d6570dec5b1714f6492cf4d4620e4563) Importer(815301076,1909f56bfc062723c751e8b465ee728b)  -> (artifact id: 'b235208cfe93636fd2d6309b28da8552') in 2.955719 seconds
  Import took 2.964595 seconds .

========================================================================
Received Import Request.
  Time since last request: 0.000291 seconds.
  path: Assets/Prefabs 1/house_5_1.prefab
  artifactKey: Guid(9a5b3280c1dd441049cadc7940a1f205) Importer(815301076,1909f56bfc062723c751e8b465ee728b)
Start importing Assets/Prefabs 1/house_5_1.prefab using Guid(9a5b3280c1dd441049cadc7940a1f205) Importer(815301076,1909f56bfc062723c751e8b465ee728b)  -> (artifact id: '846e093ca18606c99e5c00e163dab410') in 0.231327 seconds
  Import took 0.234997 seconds .

========================================================================
Received Import Request.
  Time since last request: 0.107402 seconds.
  path: Assets/Prefabs 1/house_6_1.prefab
  artifactKey: Guid(4c017f0a5d6e0469e8b32ac1638040be) Importer(815301076,1909f56bfc062723c751e8b465ee728b)
Start importing Assets/Prefabs 1/house_6_1.prefab using Guid(4c017f0a5d6e0469e8b32ac1638040be) Importer(815301076,1909f56bfc062723c751e8b465ee728b)  -> (artifact id: 'e2f7a87d4cbfba7d0e170f68adf29e96') in 0.126198 seconds
  Import took 0.134260 seconds .

========================================================================
Received Import Request.
  Time since last request: 0.000412 seconds.
  path: Assets/Prefabs 1/house_3_1.prefab
  artifactKey: Guid(fa7f8eb4b5bbc4f4d8a7e2dc10aef2fd) Importer(815301076,1909f56bfc062723c751e8b465ee728b)
Start importing Assets/Prefabs 1/house_3_1.prefab using Guid(fa7f8eb4b5bbc4f4d8a7e2dc10aef2fd) Importer(815301076,1909f56bfc062723c751e8b465ee728b)  -> (artifact id: 'ceeb3532cf463a27ddc508fa70486863') in 0.200735 seconds
  Import took 0.207354 seconds .

========================================================================
Received Import Request.
  Time since last request: 0.095901 seconds.
  path: Assets/Prefabs 1/house_2_1.prefab
  artifactKey: Guid(6338068d4741b45ada22d3d5a508d3bf) Importer(815301076,1909f56bfc062723c751e8b465ee728b)
Start importing Assets/Prefabs 1/house_2_1.prefab using Guid(6338068d4741b45ada22d3d5a508d3bf) Importer(815301076,1909f56bfc062723c751e8b465ee728b)  -> (artifact id: '159b289bfab732a79cc1b2d7dcdda45d') in 0.162391 seconds
  Import took 0.168669 seconds .

========================================================================
Received Import Request.
  Time since last request: 0.000322 seconds.
  path: Assets/Prefabs 1/house_4_1.prefab
  artifactKey: Guid(a66fe29f1af5d47139ab1ea1a23524d4) Importer(815301076,1909f56bfc062723c751e8b465ee728b)
Start importing Assets/Prefabs 1/house_4_1.prefab using Guid(a66fe29f1af5d47139ab1ea1a23524d4) Importer(815301076,1909f56bfc062723c751e8b465ee728b)  -> (artifact id: 'f22fa9324116228ede8b1810b6f9a2f3') in 0.133884 seconds
  Import took 0.139238 seconds .

========================================================================
Received Import Request.
  Time since last request: 2.972495 seconds.
  path: Assets/Prefabs 1/house_1_1.prefab
  artifactKey: Guid(d6570dec5b1714f6492cf4d4620e4563) Importer(815301076,1909f56bfc062723c751e8b465ee728b)
Start importing Assets/Prefabs 1/house_1_1.prefab using Guid(d6570dec5b1714f6492cf4d4620e4563) Importer(815301076,1909f56bfc062723c751e8b465ee728b)  -> (artifact id: '869283c39c677165fc83679eabe7bced') in 0.061917 seconds
  Import took 0.068447 seconds .

========================================================================
Received Import Request.
  Time since last request: 0.000258 seconds.
  path: Assets/Prefabs 1/house_5_1.prefab
  artifactKey: Guid(9a5b3280c1dd441049cadc7940a1f205) Importer(815301076,1909f56bfc062723c751e8b465ee728b)
Start importing Assets/Prefabs 1/house_5_1.prefab using Guid(9a5b3280c1dd441049cadc7940a1f205) Importer(815301076,1909f56bfc062723c751e8b465ee728b)  -> (artifact id: '171034f524fb8a681d7a3a813f8834f3') in 0.054982 seconds
  Import took 0.061402 seconds .

========================================================================
Received Import Request.
  Time since last request: 0.000713 seconds.
  path: Assets/Prefabs 1/house_6_1.prefab
  artifactKey: Guid(4c017f0a5d6e0469e8b32ac1638040be) Importer(815301076,1909f56bfc062723c751e8b465ee728b)
Start importing Assets/Prefabs 1/house_6_1.prefab using Guid(4c017f0a5d6e0469e8b32ac1638040be) Importer(815301076,1909f56bfc062723c751e8b465ee728b)  -> (artifact id: '61d62cbac4623861b07fefe6453aabd6') in 0.065674 seconds
  Import took 0.071313 seconds .

========================================================================
Received Import Request.
  Time since last request: 0.000292 seconds.
  path: Assets/Prefabs 1/house_3_1.prefab
  artifactKey: Guid(fa7f8eb4b5bbc4f4d8a7e2dc10aef2fd) Importer(815301076,1909f56bfc062723c751e8b465ee728b)
Start importing Assets/Prefabs 1/house_3_1.prefab using Guid(fa7f8eb4b5bbc4f4d8a7e2dc10aef2fd) Importer(815301076,1909f56bfc062723c751e8b465ee728b)  -> (artifact id: '5be04fe5ec2be6673bef61d66744d33f') in 0.042638 seconds
  Import took 0.048982 seconds .

========================================================================
Received Import Request.
  Time since last request: 0.000975 seconds.
  path: Assets/Prefabs 1/house_2_1.prefab
  artifactKey: Guid(6338068d4741b45ada22d3d5a508d3bf) Importer(815301076,1909f56bfc062723c751e8b465ee728b)
Start importing Assets/Prefabs 1/house_2_1.prefab using Guid(6338068d4741b45ada22d3d5a508d3bf) Importer(815301076,1909f56bfc062723c751e8b465ee728b)  -> (artifact id: '60fea4aac9a2d4a9ed174ae355442111') in 0.050195 seconds
  Import took 0.058660 seconds .

========================================================================
Received Import Request.
  Time since last request: 0.000968 seconds.
  path: Assets/Prefabs 1/house_4_1.prefab
  artifactKey: Guid(a66fe29f1af5d47139ab1ea1a23524d4) Importer(815301076,1909f56bfc062723c751e8b465ee728b)
Start importing Assets/Prefabs 1/house_4_1.prefab using Guid(a66fe29f1af5d47139ab1ea1a23524d4) Importer(815301076,1909f56bfc062723c751e8b465ee728b)  -> (artifact id: '974153c05868cfb7708ec4d36a5b88c1') in 0.040994 seconds
  Import took 0.046931 seconds .

========================================================================
Received Import Request.
  Time since last request: 0.275565 seconds.
  path: Assets/Prefabs 1/house_1_1.prefab
  artifactKey: Guid(d6570dec5b1714f6492cf4d4620e4563) Importer(815301076,1909f56bfc062723c751e8b465ee728b)
Start importing Assets/Prefabs 1/house_1_1.prefab using Guid(d6570dec5b1714f6492cf4d4620e4563) Importer(815301076,1909f56bfc062723c751e8b465ee728b)  -> (artifact id: '912db94f990921ae8c99d6aab827d26b') in 0.066145 seconds
  Import took 0.072718 seconds .

========================================================================
Received Import Request.
  Time since last request: 0.000948 seconds.
  path: Assets/Prefabs 1/house_1_1.prefab
  artifactKey: Guid(d6570dec5b1714f6492cf4d4620e4563) Importer(815301076,1909f56bfc062723c751e8b465ee728b)
Start importing Assets/Prefabs 1/house_1_1.prefab using Guid(d6570dec5b1714f6492cf4d4620e4563) Importer(815301076,1909f56bfc062723c751e8b465ee728b)  -> (artifact id: '912db94f990921ae8c99d6aab827d26b') in 0.068067 seconds
  Import took 0.073951 seconds .

========================================================================
Received Import Request.
  Time since last request: 0.000562 seconds.
  path: Assets/Prefabs 1/house_5_1.prefab
  artifactKey: Guid(9a5b3280c1dd441049cadc7940a1f205) Importer(815301076,1909f56bfc062723c751e8b465ee728b)
Start importing Assets/Prefabs 1/house_5_1.prefab using Guid(9a5b3280c1dd441049cadc7940a1f205) Importer(815301076,1909f56bfc062723c751e8b465ee728b)  -> (artifact id: '3616692ff19d300897fb6e1875c54b79') in 0.053413 seconds
  Import took 0.061242 seconds .

========================================================================
Received Import Request.
  Time since last request: 0.000543 seconds.
  path: Assets/Prefabs 1/house_6_1.prefab
  artifactKey: Guid(4c017f0a5d6e0469e8b32ac1638040be) Importer(815301076,1909f56bfc062723c751e8b465ee728b)
Start importing Assets/Prefabs 1/house_6_1.prefab using Guid(4c017f0a5d6e0469e8b32ac1638040be) Importer(815301076,1909f56bfc062723c751e8b465ee728b)  -> (artifact id: '29bfc3dbc805388d04d389212f91fba7') in 0.062288 seconds
  Import took 0.071969 seconds .

========================================================================
Received Import Request.
  Time since last request: 0.001664 seconds.
  path: Assets/Prefabs 1/house_2_1.prefab
  artifactKey: Guid(6338068d4741b45ada22d3d5a508d3bf) Importer(815301076,1909f56bfc062723c751e8b465ee728b)
Start importing Assets/Prefabs 1/house_2_1.prefab using Guid(6338068d4741b45ada22d3d5a508d3bf) Importer(815301076,1909f56bfc062723c751e8b465ee728b)  -> (artifact id: '2870ee7f9a931549893a683ff29a75f7') in 0.052389 seconds
  Import took 0.057497 seconds .

========================================================================
Received Import Request.
  Time since last request: 0.000314 seconds.
  path: Assets/Prefabs 1/house_4_1.prefab
  artifactKey: Guid(a66fe29f1af5d47139ab1ea1a23524d4) Importer(815301076,1909f56bfc062723c751e8b465ee728b)
Start importing Assets/Prefabs 1/house_4_1.prefab using Guid(a66fe29f1af5d47139ab1ea1a23524d4) Importer(815301076,1909f56bfc062723c751e8b465ee728b)  -> (artifact id: '4360f4e88207a5e45bfbfc9def343fae') in 0.047545 seconds
  Import took 0.051889 seconds .

========================================================================
Received Import Request.
  Time since last request: 19.355277 seconds.
  path: Assets/Prefabs 1/house_1_1.prefab
  artifactKey: Guid(d6570dec5b1714f6492cf4d4620e4563) Importer(815301076,1909f56bfc062723c751e8b465ee728b)
Start importing Assets/Prefabs 1/house_1_1.prefab using Guid(d6570dec5b1714f6492cf4d4620e4563) Importer(815301076,1909f56bfc062723c751e8b465ee728b)  -> (artifact id: '3fa562dfe9fc23c72e1682335c1703ab') in 0.223168 seconds
  Import took 0.234541 seconds .

========================================================================
Received Import Request.
  Time since last request: 0.004229 seconds.
  path: Assets/Prefabs 1/house_5_1.prefab
  artifactKey: Guid(9a5b3280c1dd441049cadc7940a1f205) Importer(815301076,1909f56bfc062723c751e8b465ee728b)
Start importing Assets/Prefabs 1/house_5_1.prefab using Guid(9a5b3280c1dd441049cadc7940a1f205) Importer(815301076,1909f56bfc062723c751e8b465ee728b)  -> (artifact id: '12fbce5593c0361c812e39fc601c682e') in 0.166420 seconds
  Import took 0.172925 seconds .

========================================================================
Received Import Request.
  Time since last request: 0.000357 seconds.
  path: Assets/Prefabs 1/house_6_1.prefab
  artifactKey: Guid(4c017f0a5d6e0469e8b32ac1638040be) Importer(815301076,1909f56bfc062723c751e8b465ee728b)
Start importing Assets/Prefabs 1/house_6_1.prefab using Guid(4c017f0a5d6e0469e8b32ac1638040be) Importer(815301076,1909f56bfc062723c751e8b465ee728b)  -> (artifact id: 'd71bd4af4aeced8dcc3072f2c4834947') in 0.253142 seconds
  Import took 0.257971 seconds .

========================================================================
Received Import Request.
  Time since last request: 0.000353 seconds.
  path: Assets/Prefabs 1/house_3_1.prefab
  artifactKey: Guid(fa7f8eb4b5bbc4f4d8a7e2dc10aef2fd) Importer(815301076,1909f56bfc062723c751e8b465ee728b)
Start importing Assets/Prefabs 1/house_3_1.prefab using Guid(fa7f8eb4b5bbc4f4d8a7e2dc10aef2fd) Importer(815301076,1909f56bfc062723c751e8b465ee728b)  -> (artifact id: 'e30ff3e3958672a260d3781f81cce84d') in 0.158399 seconds
  Import took 0.162500 seconds .

========================================================================
Received Import Request.
  Time since last request: 0.000957 seconds.
  path: Assets/Prefabs 1/house_2_1.prefab
  artifactKey: Guid(6338068d4741b45ada22d3d5a508d3bf) Importer(815301076,1909f56bfc062723c751e8b465ee728b)
Start importing Assets/Prefabs 1/house_2_1.prefab using Guid(6338068d4741b45ada22d3d5a508d3bf) Importer(815301076,1909f56bfc062723c751e8b465ee728b)  -> (artifact id: 'c13dd4517932a89ca405426d508658b6') in 0.198900 seconds
  Import took 0.204769 seconds .

========================================================================
Received Import Request.
  Time since last request: 0.002299 seconds.
  path: Assets/Prefabs 1/house_4_1.prefab
  artifactKey: Guid(a66fe29f1af5d47139ab1ea1a23524d4) Importer(815301076,1909f56bfc062723c751e8b465ee728b)
Start importing Assets/Prefabs 1/house_4_1.prefab using Guid(a66fe29f1af5d47139ab1ea1a23524d4) Importer(815301076,1909f56bfc062723c751e8b465ee728b)  -> (artifact id: 'fb933c572493f63d58e4cbe4a063f1fa') in 0.275721 seconds
  Import took 0.283745 seconds .

========================================================================
Received Prepare
Registering precompiled user dll's ...
Registered in 0.000720 seconds.
Begin MonoManager ReloadAssembly
Native extension for OSXStandalone target not found
Refreshing native plugins compatible for Editor in 0.98 ms, found 1 plugins.
Preloading 0 native plugins for Editor in 0.00 ms.
Mono: successfully reloaded assembly
- Completed reload, in  1.265 seconds
Platform modules already initialized, skipping
Switching build target platform(2) subTarget(0) extendedPlatform(0) -> platform(13) subTarget(537395200) extendedPlatform(0)
Refreshing native plugins compatible for Editor in 0.69 ms, found 1 plugins.
Preloading 0 native plugins for Editor in 0.00 ms.
Unloading 1608 Unused Serialized files (Serialized files now loaded: 0)
System memory in use before: 191.2 MB.
System memory in use after: 191.3 MB.

Unloading 28 unused Assets to reduce memory usage. Loaded Objects now: 2086.
Total: 6.152917 ms (FindLiveObjects: 0.291039 ms CreateObjectMapping: 0.088550 ms MarkObjects: 5.722919 ms  DeleteObjects: 0.048403 ms)

AssetImportParameters requested are different than current active one (requested -> active):
  custom:graphics/normal-map-encoding: 01000000000000000000000000000000 -> 02000000000000000000000000000000
========================================================================
Received Prepare
Registering precompiled user dll's ...
Registered in 0.003282 seconds.
Begin MonoManager ReloadAssembly
Native extension for OSXStandalone target not found
Refreshing native plugins compatible for Editor in 0.68 ms, found 1 plugins.
Preloading 0 native plugins for Editor in 0.00 ms.
Mono: successfully reloaded assembly
- Completed reload, in  2.011 seconds
Platform modules already initialized, skipping
Switching build target platform(2) subTarget(0) extendedPlatform(0) -> platform(13) subTarget(537395200) extendedPlatform(0)
Refreshing native plugins compatible for Editor in 0.73 ms, found 1 plugins.
Preloading 0 native plugins for Editor in 0.00 ms.
Unloading 1608 Unused Serialized files (Serialized files now loaded: 0)
System memory in use before: 191.5 MB.
System memory in use after: 191.6 MB.

Unloading 28 unused Assets to reduce memory usage. Loaded Objects now: 2088.
Total: 19.723725 ms (FindLiveObjects: 6.225469 ms CreateObjectMapping: 0.752888 ms MarkObjects: 12.666010 ms  DeleteObjects: 0.073986 ms)

AssetImportParameters requested are different than current active one (requested -> active):
  custom:graphics/normal-map-encoding: 01000000000000000000000000000000 -> 02000000000000000000000000000000
